# JRE version: OpenJDK Runtime Environment (8.0_152-b02) (build 1.8.0_152-release-1024-b02)
# Java VM: OpenJDK 64-Bit Server VM (25.152-b02 mixed mode windows-amd64 compressed oops)
Heap:
 PSYoungGen      total 483328K, used 394512K [0x00000000e0000000, 0x0000000100000000, 0x0000000100000000)
  eden space 442368K, 89% used [0x00000000e0000000,0x00000000f8144318,0x00000000fb000000)
  from space 40960K, 0% used [0x00000000fb000000,0x00000000fb000000,0x00000000fd800000)
  to   space 40448K, 0% used [0x00000000fd880000,0x00000000fd880000,0x0000000100000000)
 ParOldGen       total 226304K, used 109752K [0x00000000a0000000, 0x00000000add00000, 0x00000000e0000000)
  object space 226304K, 48% used [0x00000000a0000000,0x00000000a6b2e0a0,0x00000000add00000)
 Metaspace       used 88907K, capacity 92680K, committed 92800K, reserved 1130496K
  class space    used 11237K, capacity 12048K, committed 12160K, reserved 1048576K
GC Heap History (10 events):
Event: 414.630 GC heap before
{Heap before GC invocations=21 (full 3):
 PSYoungGen      total 461824K, used 451828K [0x00000000e0000000, 0x0000000100000000, 0x0000000100000000)
  eden space 439808K, 100% used [0x00000000e0000000,0x00000000fad80000,0x00000000fad80000)
  from space 22016K, 54% used [0x00000000fad80000,0x00000000fb93d110,0x00000000fc300000)
  to   space 20992K, 0% used [0x00000000feb80000,0x00000000feb80000,0x0000000100000000)
 ParOldGen       total 139264K, used 56338K [0x00000000a0000000, 0x00000000a8800000, 0x00000000e0000000)
  object space 139264K, 40% used [0x00000000a0000000,0x00000000a3704ae8,0x00000000a8800000)
 Metaspace       used 78621K, capacity 81484K, committed 81664K, reserved 1120256K
  class space    used 9973K, capacity 10657K, committed 10752K, reserved 1048576K
Event: 414.699 GC heap after
Heap after GC invocations=21 (full 3):
 PSYoungGen      total 488960K, used 20976K [0x00000000e0000000, 0x0000000100000000, 0x0000000100000000)
  eden space 467968K, 0% used [0x00000000e0000000,0x00000000e0000000,0x00000000fc900000)
  from space 20992K, 99% used [0x00000000feb80000,0x00000000ffffc140,0x0000000100000000)
  to   space 28160K, 0% used [0x00000000fc900000,0x00000000fc900000,0x00000000fe480000)
 ParOldGen       total 139264K, used 68542K [0x00000000a0000000, 0x00000000a8800000, 0x00000000e0000000)
  object space 139264K, 49% used [0x00000000a0000000,0x00000000a42ef980,0x00000000a8800000)
 Metaspace       used 78621K, capacity 81484K, committed 81664K, reserved 1120256K
  class space    used 9973K, capacity 10657K, committed 10752K, reserved 1048576K
}
Event: 427.626 GC heap before
{Heap before GC invocations=22 (full 3):
 PSYoungGen      total 488960K, used 488157K [0x00000000e0000000, 0x0000000100000000, 0x0000000100000000)
  eden space 467968K, 99% used [0x00000000e0000000,0x00000000fc83b3c0,0x00000000fc900000)
  from space 20992K, 99% used [0x00000000feb80000,0x00000000ffffc140,0x0000000100000000)
  to   space 28160K, 0% used [0x00000000fc900000,0x00000000fc900000,0x00000000fe480000)
 ParOldGen       total 139264K, used 68542K [0x00000000a0000000, 0x00000000a8800000, 0x00000000e0000000)
  object space 139264K, 49% used [0x00000000a0000000,0x00000000a42ef980,0x00000000a8800000)
 Metaspace       used 79577K, capacity 82594K, committed 82816K, reserved 1122304K
  class space    used 10109K, capacity 10824K, committed 10880K, reserved 1048576K
Event: 427.727 GC heap after
Heap after GC invocations=22 (full 3):
 PSYoungGen      total 496128K, used 28148K [0x00000000e0000000, 0x0000000100000000, 0x0000000100000000)
  eden space 467968K, 0% used [0x00000000e0000000,0x00000000e0000000,0x00000000fc900000)
  from space 28160K, 99% used [0x00000000fc900000,0x00000000fe47d310,0x00000000fe480000)
  to   space 28160K, 0% used [0x00000000fe480000,0x00000000fe480000,0x0000000100000000)
 ParOldGen       total 139264K, used 91414K [0x00000000a0000000, 0x00000000a8800000, 0x00000000e0000000)
  object space 139264K, 65% used [0x00000000a0000000,0x00000000a5945b68,0x00000000a8800000)
 Metaspace       used 79577K, capacity 82594K, committed 82816K, reserved 1122304K
  class space    used 10109K, capacity 10824K, committed 10880K, reserved 1048576K
}
Event: 427.813 GC heap before
{Heap before GC invocations=23 (full 3):
 PSYoungGen      total 496128K, used 495532K [0x00000000e0000000, 0x0000000100000000, 0x0000000100000000)
  eden space 467968K, 99% used [0x00000000e0000000,0x00000000fc86dfb8,0x00000000fc900000)
  from space 28160K, 99% used [0x00000000fc900000,0x00000000fe47d310,0x00000000fe480000)
  to   space 28160K, 0% used [0x00000000fe480000,0x00000000fe480000,0x0000000100000000)
 ParOldGen       total 139264K, used 91414K [0x00000000a0000000, 0x00000000a8800000, 0x00000000e0000000)
  object space 139264K, 65% used [0x00000000a0000000,0x00000000a5945b68,0x00000000a8800000)
 Metaspace       used 79591K, capacity 82594K, committed 82816K, reserved 1122304K
  class space    used 10109K, capacity 10824K, committed 10880K, reserved 1048576K
Event: 427.854 GC heap after
Heap after GC invocations=23 (full 3):
 PSYoungGen      total 470528K, used 24848K [0x00000000e0000000, 0x0000000100000000, 0x0000000100000000)
  eden space 442368K, 0% used [0x00000000e0000000,0x00000000e0000000,0x00000000fb000000)
  from space 28160K, 88% used [0x00000000fe480000,0x00000000ffcc4050,0x0000000100000000)
  to   space 40960K, 0% used [0x00000000fb000000,0x00000000fb000000,0x00000000fd800000)
 ParOldGen       total 139264K, used 93797K [0x00000000a0000000, 0x00000000a8800000, 0x00000000e0000000)
  object space 139264K, 67% used [0x00000000a0000000,0x00000000a5b99770,0x00000000a8800000)
 Metaspace       used 79591K, capacity 82594K, committed 82816K, reserved 1122304K
  class space    used 10109K, capacity 10824K, committed 10880K, reserved 1048576K
}
Event: 435.120 GC heap before
{Heap before GC invocations=24 (full 3):
 PSYoungGen      total 470528K, used 467216K [0x00000000e0000000, 0x0000000100000000, 0x0000000100000000)
  eden space 442368K, 100% used [0x00000000e0000000,0x00000000fb000000,0x00000000fb000000)
  from space 28160K, 88% used [0x00000000fe480000,0x00000000ffcc4050,0x0000000100000000)
  to   space 40960K, 0% used [0x00000000fb000000,0x00000000fb000000,0x00000000fd800000)
 ParOldGen       total 139264K, used 93797K [0x00000000a0000000, 0x00000000a8800000, 0x00000000e0000000)
  object space 139264K, 67% used [0x00000000a0000000,0x00000000a5b99770,0x00000000a8800000)
 Metaspace       used 80286K, capacity 83530K, committed 83712K, reserved 1122304K
  class space    used 10210K, capacity 10952K, committed 11008K, reserved 1048576K
Event: 435.163 GC heap after
Heap after GC invocations=24 (full 3):
 PSYoungGen      total 483328K, used 7871K [0x00000000e0000000, 0x0000000100000000, 0x0000000100000000)
  eden space 442368K, 0% used [0x00000000e0000000,0x00000000e0000000,0x00000000fb000000)
  from space 40960K, 19% used [0x00000000fb000000,0x00000000fb7afea0,0x00000000fd800000)
  to   space 40448K, 0% used [0x00000000fd880000,0x00000000fd880000,0x0000000100000000)
 ParOldGen       total 139264K, used 118552K [0x00000000a0000000, 0x00000000a8800000, 0x00000000e0000000)
  object space 139264K, 85% used [0x00000000a0000000,0x00000000a73c6388,0x00000000a8800000)
 Metaspace       used 80286K, capacity 83530K, committed 83712K, reserved 1122304K
  class space    used 10210K, capacity 10952K, committed 11008K, reserved 1048576K
}
Event: 435.163 GC heap before
{Heap before GC invocations=25 (full 4):
 PSYoungGen      total 483328K, used 7871K [0x00000000e0000000, 0x0000000100000000, 0x0000000100000000)
  eden space 442368K, 0% used [0x00000000e0000000,0x00000000e0000000,0x00000000fb000000)
  from space 40960K, 19% used [0x00000000fb000000,0x00000000fb7afea0,0x00000000fd800000)
  to   space 40448K, 0% used [0x00000000fd880000,0x00000000fd880000,0x0000000100000000)
 ParOldGen       total 139264K, used 118552K [0x00000000a0000000, 0x00000000a8800000, 0x00000000e0000000)
  object space 139264K, 85% used [0x00000000a0000000,0x00000000a73c6388,0x00000000a8800000)
 Metaspace       used 80286K, capacity 83530K, committed 83712K, reserved 1122304K
  class space    used 10210K, capacity 10952K, committed 11008K, reserved 1048576K
Event: 435.906 GC heap after
Heap after GC invocations=25 (full 4):
 PSYoungGen      total 483328K, used 0K [0x00000000e0000000, 0x0000000100000000, 0x0000000100000000)
  eden space 442368K, 0% used [0x00000000e0000000,0x00000000e0000000,0x00000000fb000000)
  from space 40960K, 0% used [0x00000000fb000000,0x00000000fb000000,0x00000000fd800000)
  to   space 40448K, 0% used [0x00000000fd880000,0x00000000fd880000,0x0000000100000000)
 ParOldGen       total 226304K, used 109752K [0x00000000a0000000, 0x00000000add00000, 0x00000000e0000000)
  object space 226304K, 48% used [0x00000000a0000000,0x00000000a6b2e0a0,0x00000000add00000)
 Metaspace       used 80286K, capacity 83530K, committed 83712K, reserved 1122304K
  class space    used 10210K, capacity 10952K, committed 11008K, reserved 1048576K
}

